#
# A fatal error has been detected by the Java Runtime Environment:
#
#  EXCEPTION_ACCESS_VIOLATION (0xc0000005) at pc=0x00007fff388780e8, pid=3964, tid=3988
#
# JRE version: Java(TM) SE Runtime Environment (10.0.2+13) (build 10.0.2+13)
# Java VM: Java HotSpot(TM) 64-Bit Server VM (10.0.2+13, mixed mode, tiered, compressed oops, g1 gc, windows-amd64)
# Problematic frame:
# C  [ntdll.dll+0x80e8]
#
# No core dump will be written. Minidumps are not enabled by default on client versions of Windows
#
# If you would like to submit a bug report, please visit:
#   http://bugreport.java.com/bugreport/crash.jsp
# The crash happened outside the Java Virtual Machine in native code.
# See problematic frame for where to report the bug.
#

---------------  S U M M A R Y ------------

Command Line: -javaagent:C:\Program Files\JetBrains\IntelliJ IDEA Community Edition 2018.2\lib\idea_rt.jar=64875:C:\Program Files\JetBrains\IntelliJ IDEA Community Edition 2018.2\bin -Dfile.encoding=UTF-8 MainKt

Host: Intel(R) Core(TM) i7-4790K CPU @ 4.00GHz, 8 cores, 15G,  Windows 10 , 64 bit Build 17134 (10.0.17134.1)
Time: Wed Aug 01 23:47:46 2018 Eastern Daylight Time elapsed time: 8 seconds (0d 0h 0m 8s)

---------------  T H R E A D  ---------------

Current thread (0x00000194a5524800):  JavaThread "main" [_thread_in_native, id=3988, stack(0x0000008f7a100000,0x0000008f7a200000)]

Stack: [0x0000008f7a100000,0x0000008f7a200000],  sp=0x0000008f7a1fe0f0,  free space=1016k
Native frames: (J=compiled Java code, j=interpreted, Vv=VM code, C=native code)
C  [ntdll.dll+0x80e8]
C  [ntdll.dll+0x69aa]
C  [ntdll.dll+0x9dc1e]
C  [ntdll.dll+0x1d979]
C  [ntdll.dll+0x183e7]
C  [ntdll.dll+0x18300]
C  0x00007fff030354c9

Java frames: (J=compiled Java code, j=interpreted, Vv=VM code)
J 1274  sun.java2d.d3d.D3DSurfaceData.initOps(III)V java.desktop@10.0.2 (0 bytes) @ 0x00000194b8408580 [0x00000194b8408540+0x0000000000000040]
J 1208 c1 sun.java2d.d3d.D3DSurfaceData.<init>(Lsun/awt/windows/WComponentPeer;Lsun/java2d/d3d/D3DGraphicsConfig;IILjava/awt/Image;Ljava/awt/image/ColorModel;IILsun/java2d/pipe/hw/ExtendedBufferCapabilities$VSyncType;I)V java.desktop@10.0.2 (242 bytes) @ 0x00000194b10175cc [0x00000194b10167a0+0x0000000000000e2c]
J 1285 c1 sun.java2d.d3d.D3DSurfaceData.createData(Lsun/awt/windows/WComponentPeer;Ljava/awt/Image;)Lsun/java2d/d3d/D3DSurfaceData; java.desktop@10.0.2 (121 bytes) @ 0x00000194b104b1cc [0x00000194b104a1a0+0x000000000000102c]
J 1228 c1 sun.java2d.d3d.D3DVolatileSurfaceManager.initAcceleratedSurface()Lsun/java2d/SurfaceData; java.desktop@10.0.2 (169 bytes) @ 0x00000194b1024bd4 [0x00000194b10245a0+0x0000000000000634]
J 1225 c1 sun.awt.image.VolatileSurfaceManager.validate(Ljava/awt/GraphicsConfiguration;)I java.desktop@10.0.2 (213 bytes) @ 0x00000194b1020f64 [0x00000194b1020c20+0x0000000000000344]
J 1224 c1 sun.awt.image.SunVolatileImage.validate(Ljava/awt/GraphicsConfiguration;)I java.desktop@10.0.2 (9 bytes) @ 0x00000194b10207b4 [0x00000194b10206c0+0x00000000000000f4]
J 1294 c1 java.awt.Component$FlipBufferStrategy.revalidate(Z)V java.desktop@10.0.2 (143 bytes) @ 0x00000194b1050d6c [0x00000194b10508c0+0x00000000000004ac]
J 1243 c1 java.awt.Component$FlipBufferStrategy.getDrawGraphics()Ljava/awt/Graphics; java.desktop@10.0.2 (12 bytes) @ 0x00000194b102d29c [0x00000194b102d0e0+0x00000000000001bc]
J 1250 c1 RaycasterDisplay.drawFrame()V (74 bytes) @ 0x00000194b103133c [0x00000194b1030f20+0x000000000000041c]
j  RaycasterDisplay.runDemo()V+51
j  RaycasterDisplay.run()V+6
j  MainKt.main([Ljava/lang/String;)V+13
v  ~StubRoutines::call_stub

siginfo: EXCEPTION_ACCESS_VIOLATION (0xc0000005), reading address 0x00007fff031b1124


Register to memory mapping:

RIP=0x00007fff388780e8 ntdll.dll
RAX=0x0000000000002c49 is an unknown value
RBX=0x0000008f7a1fe710 is pointing into the stack for thread: 0x00000194a5524800
RCX=0x000000000000b130 is an unknown value
RDX=0x0000000000000ec4 is an unknown value
RSP=0x0000008f7a1fe0f0 is pointing into the stack for thread: 0x00000194a5524800
RBP=0x0000000000000000 is an unknown value
RSI=0x00007fff031a6000 is an unknown value
RDI=0x00000000000154c9 is an unknown value
R8 =0x00007fff03020000 is an unknown value
R9 =0x0000000000000004 is an unknown value
R10=0x0000000000000003 is an unknown value
R11=0x00007fff389df4e0 ntdll.dll
R12=0x00007fff030354c9 is an unknown value
R13=0x0000008f7a1fed30 is pointing into the stack for thread: 0x00000194a5524800
R14=0x0000008f7a1fe198 is pointing into the stack for thread: 0x00000194a5524800
R15=0x0000008f7a1ff050 is pointing into the stack for thread: 0x00000194a5524800


Registers:
RAX=0x0000000000002c49, RBX=0x0000008f7a1fe710, RCX=0x000000000000b130, RDX=0x0000000000000ec4
RSP=0x0000008f7a1fe0f0, RBP=0x0000000000000000, RSI=0x00007fff031a6000, RDI=0x00000000000154c9
R8 =0x00007fff03020000, R9 =0x0000000000000004, R10=0x0000000000000003, R11=0x00007fff389df4e0
R12=0x00007fff030354c9, R13=0x0000008f7a1fed30, R14=0x0000008f7a1fe198, R15=0x0000008f7a1ff050
RIP=0x00007fff388780e8, EFLAGS=0x0000000000010206

Top of Stack: (sp=0x0000008f7a1fe0f0)
0x0000008f7a1fe0f0:   0000008f7a1fe710 0000019400000000
0x0000008f7a1fe100:   0000000000000000 0000008f7a1fed30
0x0000008f7a1fe110:   00007fff031a6000 00007fff03020000
0x0000008f7a1fe120:   0000b13000197000 0000008f7a1fe240
0x0000008f7a1fe130:   0000008f7a1fe710 00007fff388769aa
0x0000008f7a1fe140:   0000008f7a1fe240 0000008f7a1fe840
0x0000008f7a1fe150:   00007fff389d19c0 0000000000000000
0x0000008f7a1fe160:   0000000000000020 00007fff00000000
0x0000008f7a1fe170:   0000008f7a1fe4e0 00007fff075570f9
0x0000008f7a1fe180:   0000008f7a1fe200 00007fff389d19c0
0x0000008f7a1fe190:   0000008f00000000 00007fff03020000
0x0000008f7a1fe1a0:   0000008f7a1ff050 0000000000000000
0x0000008f7a1fe1b0:   0000000000000000 000000005c825c00
0x0000008f7a1fe1c0:   0000008f7a1fed30 0000000000000000
0x0000008f7a1fe1d0:   0000008f7a1fe710 0000008f7a1fe840
0x0000008f7a1fe1e0:   0000008f7a1ee000 0000008f7a200000 

Instructions: (pc=0x00007fff388780e8)
0x00007fff388780c8:   aa 4c 8b 44 24 28 33 ed 48 f7 e1 4d 89 06 48 c1
0x00007fff388780d8:   ea 03 85 d2 74 60 8d 42 ff 49 2b f8 48 8d 04 40
0x00007fff388780e8:   44 8b 1c 86 4c 8d 14 86 49 3b fb 73 35 44 8d 42
0x00007fff388780f8:   fe 44 8b cd 45 85 c0 78 29 43 8d 04 08 d1 f8 48 



---------------  P R O C E S S  ---------------

Threads class SMR info:
_java_thread_list=0x00000194d24d7100, length=18, elements={
0x00000194a5524800, 0x00000194cc7ca800, 0x00000194cc7d3800, 0x00000194cc829800,
0x00000194cc82a000, 0x00000194cc82f000, 0x00000194cc832000, 0x00000194cc840000,
0x00000194cc84b000, 0x00000194cc86b800, 0x00000194ccdcc000, 0x00000194ccdc5800,
0x00000194ccdcb000, 0x00000194ccdc6800, 0x00000194ccdc7000, 0x00000194ccdc5000,
0x00000194ccdc9800, 0x00000194d2c41800
}

Java Threads: ( => current thread )
=>0x00000194a5524800 JavaThread "main" [_thread_in_native, id=3988, stack(0x0000008f7a100000,0x0000008f7a200000)]
  0x00000194cc7ca800 JavaThread "Reference Handler" daemon [_thread_blocked, id=3612, stack(0x0000008f7b700000,0x0000008f7b800000)]
  0x00000194cc7d3800 JavaThread "Finalizer" daemon [_thread_blocked, id=13724, stack(0x0000008f7b800000,0x0000008f7b900000)]
  0x00000194cc829800 JavaThread "Signal Dispatcher" daemon [_thread_blocked, id=12864, stack(0x0000008f7b900000,0x0000008f7ba00000)]
  0x00000194cc82a000 JavaThread "Attach Listener" daemon [_thread_blocked, id=7392, stack(0x0000008f7ba00000,0x0000008f7bb00000)]
  0x00000194cc82f000 JavaThread "C2 CompilerThread0" daemon [_thread_blocked, id=2016, stack(0x0000008f7bb00000,0x0000008f7bc00000)]
  0x00000194cc832000 JavaThread "C2 CompilerThread1" daemon [_thread_blocked, id=10460, stack(0x0000008f7bc00000,0x0000008f7bd00000)]
  0x00000194cc840000 JavaThread "C2 CompilerThread2" daemon [_thread_blocked, id=12624, stack(0x0000008f7bd00000,0x0000008f7be00000)]
  0x00000194cc84b000 JavaThread "C1 CompilerThread3" daemon [_thread_blocked, id=7268, stack(0x0000008f7be00000,0x0000008f7bf00000)]
  0x00000194cc86b800 JavaThread "Sweeper thread" daemon [_thread_blocked, id=12532, stack(0x0000008f7bf00000,0x0000008f7c000000)]
  0x00000194ccdcc000 JavaThread "Common-Cleaner" daemon [_thread_blocked, id=8408, stack(0x0000008f7c000000,0x0000008f7c100000)]
  0x00000194ccdc5800 JavaThread "Monitor Ctrl-Break" daemon [_thread_in_native, id=7672, stack(0x0000008f7c100000,0x0000008f7c200000)]
  0x00000194ccdcb000 JavaThread "Service Thread" daemon [_thread_blocked, id=13028, stack(0x0000008f7c200000,0x0000008f7c300000)]
  0x00000194ccdc6800 JavaThread "Java2D Disposer" daemon [_thread_blocked, id=236, stack(0x0000008f7c400000,0x0000008f7c500000)]
  0x00000194ccdc7000 JavaThread "AWT-Shutdown" [_thread_blocked, id=15100, stack(0x0000008f7c500000,0x0000008f7c600000)]
  0x00000194ccdc5000 JavaThread "AWT-EventQueue-0" [_thread_blocked, id=11100, stack(0x0000008f7c800000,0x0000008f7c900000)]
  0x00000194ccdc9800 JavaThread "Thread-0" daemon [_thread_blocked, id=14368, stack(0x0000008f7ca00000,0x0000008f7cb00000)]
  0x00000194d2c41800 JavaThread "ToolkitShutdown" daemon [_thread_in_native, id=9920, stack(0x0000008f7cc00000,0x0000008f7cd00000)]

Other Threads:
  0x00000194cc7c5000 VMThread "VM Thread" [stack: 0x0000008f7b600000,0x0000008f7b700000] [id=13356]
  0x00000194ccd57800 WatcherThread [stack: 0x0000008f7c300000,0x0000008f7c400000] [id=13472]
  0x00000194a553b000 GCTaskThread "GC Thread#0" [stack: 0x0000008f7a200000,0x0000008f7a300000] [id=13012]
  0x00000194a553c800 GCTaskThread "GC Thread#1" [stack: 0x0000008f7a300000,0x0000008f7a400000] [id=11000]
  0x00000194a553e800 GCTaskThread "GC Thread#2" [stack: 0x0000008f7a400000,0x0000008f7a500000] [id=12984]
  0x00000194a5543000 GCTaskThread "GC Thread#3" [stack: 0x0000008f7a500000,0x0000008f7a600000] [id=4272]
  0x00000194a554a000 GCTaskThread "GC Thread#4" [stack: 0x0000008f7a600000,0x0000008f7a700000] [id=12836]
  0x00000194a554e000 GCTaskThread "GC Thread#5" [stack: 0x0000008f7a700000,0x0000008f7a800000] [id=4364]
  0x00000194a5553800 GCTaskThread "GC Thread#6" [stack: 0x0000008f7a800000,0x0000008f7a900000] [id=9288]
  0x00000194a555a800 GCTaskThread "GC Thread#7" [stack: 0x0000008f7a900000,0x0000008f7aa00000] [id=2116]
  0x00000194a55a4000 ConcurrentGCThread "G1 Main Marker" [stack: 0x0000008f7aa00000,0x0000008f7ab00000] [id=8572]
  0x00000194a55a4800 ConcurrentGCThread "G1 Conc#0" [stack: 0x0000008f7ab00000,0x0000008f7ac00000] [id=11784]
  0x00000194a55ad800 ConcurrentGCThread "G1 Conc#1" [stack: 0x0000008f7ac00000,0x0000008f7ad00000] [id=496]
  0x00000194a55fe800 ConcurrentGCThread "G1 Refine#0" [stack: 0x0000008f7ad00000,0x0000008f7ae00000] [id=13964]
  0x00000194c94c1000 ConcurrentGCThread "G1 Refine#1" [stack: 0x0000008f7ae00000,0x0000008f7af00000] [id=9812]
  0x00000194c94c2000 ConcurrentGCThread "G1 Refine#2" [stack: 0x0000008f7af00000,0x0000008f7b000000] [id=1488]
  0x00000194c94c3000 ConcurrentGCThread "G1 Refine#3" [stack: 0x0000008f7b000000,0x0000008f7b100000] [id=5520]
  0x00000194c94c6000 ConcurrentGCThread "G1 Refine#4" [stack: 0x0000008f7b100000,0x0000008f7b200000] [id=12948]
  0x00000194c94c7000 ConcurrentGCThread "G1 Refine#5" [stack: 0x0000008f7b200000,0x0000008f7b300000] [id=6744]
  0x00000194c94cb800 ConcurrentGCThread "G1 Refine#6" [stack: 0x0000008f7b300000,0x0000008f7b400000] [id=12064]
  0x00000194c94cc800 ConcurrentGCThread "G1 Refine#7" [stack: 0x0000008f7b400000,0x0000008f7b500000] [id=13196]
  0x00000194c94d5000 ConcurrentGCThread "G1 Young RemSet Sampling" [stack: 0x0000008f7b500000,0x0000008f7b600000] [id=1596]

Threads with active compile tasks:

VM state:not at safepoint (normal execution)

VM Mutex/Monitor currently owned by a thread: None

Heap address: 0x00000006c0e00000, size: 4082 MB, Compressed Oops mode: Zero based, Oop shift amount: 3
Narrow klass base: 0x0000000000000000, Narrow klass shift: 3
Compressed class space size: 1073741824 Address: 0x00000007c0000000

Heap:
 garbage-first heap   total 262144K, used 62096K [0x00000006c0e00000, 0x00000007c0000000)
  region size 1024K, 54 young (55296K), 3 survivors (3072K)
 Metaspace       used 14560K, capacity 14954K, committed 15232K, reserved 1062912K
  class space    used 1433K, capacity 1636K, committed 1664K, reserved 1048576K
Heap Regions: E=young(eden), S=young(survivor), O=old, HS=humongous(starts), HC=humongous(continues), CS=collection set, F=free, A=archive, TS=gc time stamp, AC=allocation context, TAMS=top-at-mark-start (previous, next)
|   0|0x00000006c0e00000, 0x00000006c0f00000, 0x00000006c0f00000|100%|HS|  |TS  0|AC  0|TAMS 0x00000006c0e00000, 0x00000006c0e00000|
|   1|0x00000006c0f00000, 0x00000006c1000000, 0x00000006c1000000|100%|HC|  |TS  0|AC  0|TAMS 0x00000006c0f00000, 0x00000006c0f00000|
|   2|0x00000006c1000000, 0x00000006c1100000, 0x00000006c1100000|100%|HS|  |TS  0|AC  0|TAMS 0x00000006c1000000, 0x00000006c1000000|
|   3|0x00000006c1100000, 0x00000006c1200000, 0x00000006c1200000|100%|HC|  |TS  0|AC  0|TAMS 0x00000006c1100000, 0x00000006c1100000|
|   4|0x00000006c1200000, 0x00000006c1300000, 0x00000006c1300000|100%|HS|  |TS  0|AC  0|TAMS 0x00000006c1200000, 0x00000006c1200000|
|   5|0x00000006c1300000, 0x00000006c1400000, 0x00000006c1400000|100%|HC|  |TS  0|AC  0|TAMS 0x00000006c1300000, 0x00000006c1300000|
|   6|0x00000006c1400000, 0x00000006c1500000, 0x00000006c1500000|100%|HS|  |TS  0|AC  0|TAMS 0x00000006c1400000, 0x00000006c1400000|
|   7|0x00000006c1500000, 0x00000006c1600000, 0x00000006c1600000|100%|HC|  |TS  0|AC  0|TAMS 0x00000006c1500000, 0x00000006c1500000|
|   8|0x00000006c1600000, 0x00000006c1600000, 0x00000006c1700000|  0%| F|  |TS  0|AC  0|TAMS 0x00000006c1600000, 0x00000006c1600000|
|   9|0x00000006c1700000, 0x00000006c1700000, 0x00000006c1800000|  0%| F|  |TS  0|AC  0|TAMS 0x00000006c1700000, 0x00000006c1700000|
|  10|0x00000006c1800000, 0x00000006c1800000, 0x00000006c1900000|  0%| F|  |TS  0|AC  0|TAMS 0x00000006c1800000, 0x00000006c1800000|
|  11|0x00000006c1900000, 0x00000006c1900000, 0x00000006c1a00000|  0%| F|  |TS  0|AC  0|TAMS 0x00000006c1900000, 0x00000006c1900000|
|  12|0x00000006c1a00000, 0x00000006c1a00000, 0x00000006c1b00000|  0%| F|  |TS  0|AC  0|TAMS 0x00000006c1a00000, 0x00000006c1a00000|
|  13|0x00000006c1b00000, 0x00000006c1b00000, 0x00000006c1c00000|  0%| F|  |TS  0|AC  0|TAMS 0x00000006c1b00000, 0x00000006c1b00000|
|  14|0x00000006c1c00000, 0x00000006c1c00000, 0x00000006c1d00000|  0%| F|  |TS  0|AC  0|TAMS 0x00000006c1c00000, 0x00000006c1c00000|
|  15|0x00000006c1d00000, 0x00000006c1d00000, 0x00000006c1e00000|  0%| F|  |TS  0|AC  0|TAMS 0x00000006c1d00000, 0x00000006c1d00000|
|  16|0x00000006c1e00000, 0x00000006c1e00000, 0x00000006c1f00000|  0%| F|  |TS  0|AC  0|TAMS 0x00000006c1e00000, 0x00000006c1e00000|
|  17|0x00000006c1f00000, 0x00000006c1f00000, 0x00000006c2000000|  0%| F|  |TS  0|AC  0|TAMS 0x00000006c1f00000, 0x00000006c1f00000|
|  18|0x00000006c2000000, 0x00000006c2000000, 0x00000006c2100000|  0%| F|  |TS  0|AC  0|TAMS 0x00000006c2000000, 0x00000006c2000000|
|  19|0x00000006c2100000, 0x00000006c2100000, 0x00000006c2200000|  0%| F|  |TS  0|AC  0|TAMS 0x00000006c2100000, 0x00000006c2100000|
|  20|0x00000006c2200000, 0x00000006c2200000, 0x00000006c2300000|  0%| F|  |TS  0|AC  0|TAMS 0x00000006c2200000, 0x00000006c2200000|
|  21|0x00000006c2300000, 0x00000006c2300000, 0x00000006c2400000|  0%| F|  |TS  0|AC  0|TAMS 0x00000006c2300000, 0x00000006c2300000|
|  22|0x00000006c2400000, 0x00000006c2400000, 0x00000006c2500000|  0%| F|  |TS  0|AC  0|TAMS 0x00000006c2400000, 0x00000006c2400000|
|  23|0x00000006c2500000, 0x00000006c2500000, 0x00000006c2600000|  0%| F|  |TS  0|AC  0|TAMS 0x00000006c2500000, 0x00000006c2500000|
|  24|0x00000006c2600000, 0x00000006c2600000, 0x00000006c2700000|  0%| F|  |TS  0|AC  0|TAMS 0x00000006c2600000, 0x00000006c2600000|
|  25|0x00000006c2700000, 0x00000006c2700000, 0x00000006c2800000|  0%| F|  |TS  0|AC  0|TAMS 0x00000006c2700000, 0x00000006c2700000|
|  26|0x00000006c2800000, 0x00000006c2800000, 0x00000006c2900000|  0%| F|  |TS  0|AC  0|TAMS 0x00000006c2800000, 0x00000006c2800000|
|  27|0x00000006c2900000, 0x00000006c2900000, 0x00000006c2a00000|  0%| F|  |TS  0|AC  0|TAMS 0x00000006c2900000, 0x00000006c2900000|
|  28|0x00000006c2a00000, 0x00000006c2a00000, 0x00000006c2b00000|  0%| F|  |TS  0|AC  0|TAMS 0x00000006c2a00000, 0x00000006c2a00000|
|  29|0x00000006c2b00000, 0x00000006c2b00000, 0x00000006c2c00000|  0%| F|  |TS  0|AC  0|TAMS 0x00000006c2b00000, 0x00000006c2b00000|
|  30|0x00000006c2c00000, 0x00000006c2c00000, 0x00000006c2d00000|  0%| F|  |TS  0|AC  0|TAMS 0x00000006c2c00000, 0x00000006c2c00000|
|  31|0x00000006c2d00000, 0x00000006c2d00000, 0x00000006c2e00000|  0%| F|  |TS  0|AC  0|TAMS 0x00000006c2d00000, 0x00000006c2d00000|
|  32|0x00000006c2e00000, 0x00000006c2e00000, 0x00000006c2f00000|  0%| F|  |TS  0|AC  0|TAMS 0x00000006c2e00000, 0x00000006c2e00000|
|  33|0x00000006c2f00000, 0x00000006c2f00000, 0x00000006c3000000|  0%| F|  |TS  0|AC  0|TAMS 0x00000006c2f00000, 0x00000006c2f00000|
|  34|0x00000006c3000000, 0x00000006c3000000, 0x00000006c3100000|  0%| F|  |TS  0|AC  0|TAMS 0x00000006c3000000, 0x00000006c3000000|
|  35|0x00000006c3100000, 0x00000006c3100000, 0x00000006c3200000|  0%| F|  |TS  0|AC  0|TAMS 0x00000006c3100000, 0x00000006c3100000|
|  36|0x00000006c3200000, 0x00000006c3200000, 0x00000006c3300000|  0%| F|  |TS  0|AC  0|TAMS 0x00000006c3200000, 0x00000006c3200000|
|  37|0x00000006c3300000, 0x00000006c3300000, 0x00000006c3400000|  0%| F|  |TS  0|AC  0|TAMS 0x00000006c3300000, 0x00000006c3300000|
|  38|0x00000006c3400000, 0x00000006c3400000, 0x00000006c3500000|  0%| F|  |TS  0|AC  0|TAMS 0x00000006c3400000, 0x00000006c3400000|
|  39|0x00000006c3500000, 0x00000006c3500000, 0x00000006c3600000|  0%| F|  |TS  0|AC  0|TAMS 0x00000006c3500000, 0x00000006c3500000|
|  40|0x00000006c3600000, 0x00000006c3600000, 0x00000006c3700000|  0%| F|  |TS  0|AC  0|TAMS 0x00000006c3600000, 0x00000006c3600000|
|  41|0x00000006c3700000, 0x00000006c3700000, 0x00000006c3800000|  0%| F|  |TS  0|AC  0|TAMS 0x00000006c3700000, 0x00000006c3700000|
|  42|0x00000006c3800000, 0x00000006c3800000, 0x00000006c3900000|  0%| F|  |TS  0|AC  0|TAMS 0x00000006c3800000, 0x00000006c3800000|
|  43|0x00000006c3900000, 0x00000006c3900000, 0x00000006c3a00000|  0%| F|  |TS  0|AC  0|TAMS 0x00000006c3900000, 0x00000006c3900000|
|  44|0x00000006c3a00000, 0x00000006c3a00000, 0x00000006c3b00000|  0%| F|  |TS  0|AC  0|TAMS 0x00000006c3a00000, 0x00000006c3a00000|
|  45|0x00000006c3b00000, 0x00000006c3b00000, 0x00000006c3c00000|  0%| F|  |TS  0|AC  0|TAMS 0x00000006c3b00000, 0x00000006c3b00000|
|  46|0x00000006c3c00000, 0x00000006c3c00000, 0x00000006c3d00000|  0%| F|  |TS  0|AC  0|TAMS 0x00000006c3c00000, 0x00000006c3c00000|
|  47|0x00000006c3d00000, 0x00000006c3d00000, 0x00000006c3e00000|  0%| F|  |TS  0|AC  0|TAMS 0x00000006c3d00000, 0x00000006c3d00000|
|  48|0x00000006c3e00000, 0x00000006c3e00000, 0x00000006c3f00000|  0%| F|  |TS  0|AC  0|TAMS 0x00000006c3e00000, 0x00000006c3e00000|
|  49|0x00000006c3f00000, 0x00000006c3f00000, 0x00000006c4000000|  0%| F|  |TS  0|AC  0|TAMS 0x00000006c3f00000, 0x00000006c3f00000|
|  50|0x00000006c4000000, 0x00000006c4000000, 0x00000006c4100000|  0%| F|  |TS  0|AC  0|TAMS 0x00000006c4000000, 0x00000006c4000000|
|  51|0x00000006c4100000, 0x00000006c4100000, 0x00000006c4200000|  0%| F|  |TS  0|AC  0|TAMS 0x00000006c4100000, 0x00000006c4100000|
|  52|0x00000006c4200000, 0x00000006c4200000, 0x00000006c4300000|  0%| F|  |TS  0|AC  0|TAMS 0x00000006c4200000, 0x00000006c4200000|
|  53|0x00000006c4300000, 0x00000006c4300000, 0x00000006c4400000|  0%| F|  |TS  0|AC  0|TAMS 0x00000006c4300000, 0x00000006c4300000|
|  54|0x00000006c4400000, 0x00000006c4400000, 0x00000006c4500000|  0%| F|  |TS  0|AC  0|TAMS 0x00000006c4400000, 0x00000006c4400000|
|  55|0x00000006c4500000, 0x00000006c4500000, 0x00000006c4600000|  0%| F|  |TS  0|AC  0|TAMS 0x00000006c4500000, 0x00000006c4500000|
|  56|0x00000006c4600000, 0x00000006c4600000, 0x00000006c4700000|  0%| F|  |TS  0|AC  0|TAMS 0x00000006c4600000, 0x00000006c4600000|
|  57|0x00000006c4700000, 0x00000006c4700000, 0x00000006c4800000|  0%| F|  |TS  0|AC  0|TAMS 0x00000006c4700000, 0x00000006c4700000|
|  58|0x00000006c4800000, 0x00000006c4800000, 0x00000006c4900000|  0%| F|  |TS  0|AC  0|TAMS 0x00000006c4800000, 0x00000006c4800000|
|  59|0x00000006c4900000, 0x00000006c4900000, 0x00000006c4a00000|  0%| F|  |TS  0|AC  0|TAMS 0x00000006c4900000, 0x00000006c4900000|
|  60|0x00000006c4a00000, 0x00000006c4a00000, 0x00000006c4b00000|  0%| F|  |TS  0|AC  0|TAMS 0x00000006c4a00000, 0x00000006c4a00000|
|  61|0x00000006c4b00000, 0x00000006c4b00000, 0x00000006c4c00000|  0%| F|  |TS  0|AC  0|TAMS 0x00000006c4b00000, 0x00000006c4b00000|
|  62|0x00000006c4c00000, 0x00000006c4c00000, 0x00000006c4d00000|  0%| F|  |TS  0|AC  0|TAMS 0x00000006c4c00000, 0x00000006c4c00000|
|  63|0x00000006c4d00000, 0x00000006c4d00000, 0x00000006c4e00000|  0%| F|  |TS  0|AC  0|TAMS 0x00000006c4d00000, 0x00000006c4d00000|
|  64|0x00000006c4e00000, 0x00000006c4e00000, 0x00000006c4f00000|  0%| F|  |TS  0|AC  0|TAMS 0x00000006c4e00000, 0x00000006c4e00000|
|  65|0x00000006c4f00000, 0x00000006c4f00000, 0x00000006c5000000|  0%| F|  |TS  0|AC  0|TAMS 0x00000006c4f00000, 0x00000006c4f00000|
|  66|0x00000006c5000000, 0x00000006c5000000, 0x00000006c5100000|  0%| F|  |TS  0|AC  0|TAMS 0x00000006c5000000, 0x00000006c5000000|
|  67|0x00000006c5100000, 0x00000006c5100000, 0x00000006c5200000|  0%| F|  |TS  0|AC  0|TAMS 0x00000006c5100000, 0x00000006c5100000|
|  68|0x00000006c5200000, 0x00000006c5200000, 0x00000006c5300000|  0%| F|  |TS  0|AC  0|TAMS 0x00000006c5200000, 0x00000006c5200000|
|  69|0x00000006c5300000, 0x00000006c5300000, 0x00000006c5400000|  0%| F|  |TS  0|AC  0|TAMS 0x00000006c5300000, 0x00000006c5300000|
|  70|0x00000006c5400000, 0x00000006c5400000, 0x00000006c5500000|  0%| F|  |TS  0|AC  0|TAMS 0x00000006c5400000, 0x00000006c5400000|
|  71|0x00000006c5500000, 0x00000006c5500000, 0x00000006c5600000|  0%| F|  |TS  0|AC  0|TAMS 0x00000006c5500000, 0x00000006c5500000|
|  72|0x00000006c5600000, 0x00000006c5600000, 0x00000006c5700000|  0%| F|  |TS  0|AC  0|TAMS 0x00000006c5600000, 0x00000006c5600000|
|  73|0x00000006c5700000, 0x00000006c5700000, 0x00000006c5800000|  0%| F|  |TS  0|AC  0|TAMS 0x00000006c5700000, 0x00000006c5700000|
|  74|0x00000006c5800000, 0x00000006c5800000, 0x00000006c5900000|  0%| F|  |TS  0|AC  0|TAMS 0x00000006c5800000, 0x00000006c5800000|
|  75|0x00000006c5900000, 0x00000006c5900000, 0x00000006c5a00000|  0%| F|  |TS  0|AC  0|TAMS 0x00000006c5900000, 0x00000006c5900000|
|  76|0x00000006c5a00000, 0x00000006c5a00000, 0x00000006c5b00000|  0%| F|  |TS  0|AC  0|TAMS 0x00000006c5a00000, 0x00000006c5a00000|
|  77|0x00000006c5b00000, 0x00000006c5b00000, 0x00000006c5c00000|  0%| F|  |TS  0|AC  0|TAMS 0x00000006c5b00000, 0x00000006c5b00000|
|  78|0x00000006c5c00000, 0x00000006c5c00000, 0x00000006c5d00000|  0%| F|  |TS  0|AC  0|TAMS 0x00000006c5c00000, 0x00000006c5c00000|
|  79|0x00000006c5d00000, 0x00000006c5d00000, 0x00000006c5e00000|  0%| F|  |TS  0|AC  0|TAMS 0x00000006c5d00000, 0x00000006c5d00000|
|  80|0x00000006c5e00000, 0x00000006c5e00000, 0x00000006c5f00000|  0%| F|  |TS  0|AC  0|TAMS 0x00000006c5e00000, 0x00000006c5e00000|
|  81|0x00000006c5f00000, 0x00000006c5f00000, 0x00000006c6000000|  0%| F|  |TS  0|AC  0|TAMS 0x00000006c5f00000, 0x00000006c5f00000|
|  82|0x00000006c6000000, 0x00000006c6000000, 0x00000006c6100000|  0%| F|  |TS  0|AC  0|TAMS 0x00000006c6000000, 0x00000006c6000000|
|  83|0x00000006c6100000, 0x00000006c6100000, 0x00000006c6200000|  0%| F|  |TS  0|AC  0|TAMS 0x00000006c6100000, 0x00000006c6100000|
|  84|0x00000006c6200000, 0x00000006c6200000, 0x00000006c6300000|  0%| F|  |TS  0|AC  0|TAMS 0x00000006c6200000, 0x00000006c6200000|
|  85|0x00000006c6300000, 0x00000006c6300000, 0x00000006c6400000|  0%| F|  |TS  0|AC  0|TAMS 0x00000006c6300000, 0x00000006c6300000|
|  86|0x00000006c6400000, 0x00000006c6400000, 0x00000006c6500000|  0%| F|  |TS  0|AC  0|TAMS 0x00000006c6400000, 0x00000006c6400000|
|  87|0x00000006c6500000, 0x00000006c6500000, 0x00000006c6600000|  0%| F|  |TS  0|AC  0|TAMS 0x00000006c6500000, 0x00000006c6500000|
|  88|0x00000006c6600000, 0x00000006c6600000, 0x00000006c6700000|  0%| F|  |TS  0|AC  0|TAMS 0x00000006c6600000, 0x00000006c6600000|
|  89|0x00000006c6700000, 0x00000006c6700000, 0x00000006c6800000|  0%| F|  |TS  0|AC  0|TAMS 0x00000006c6700000, 0x00000006c6700000|
|  90|0x00000006c6800000, 0x00000006c6800000, 0x00000006c6900000|  0%| F|  |TS  0|AC  0|TAMS 0x00000006c6800000, 0x00000006c6800000|
|  91|0x00000006c6900000, 0x00000006c6900000, 0x00000006c6a00000|  0%| F|  |TS  0|AC  0|TAMS 0x00000006c6900000, 0x00000006c6900000|
|  92|0x00000006c6a00000, 0x00000006c6a00000, 0x00000006c6b00000|  0%| F|  |TS  0|AC  0|TAMS 0x00000006c6a00000, 0x00000006c6a00000|
|  93|0x00000006c6b00000, 0x00000006c6b00000, 0x00000006c6c00000|  0%| F|  |TS  0|AC  0|TAMS 0x00000006c6b00000, 0x00000006c6b00000|
|  94|0x00000006c6c00000, 0x00000006c6c00000, 0x00000006c6d00000|  0%| F|  |TS  0|AC  0|TAMS 0x00000006c6c00000, 0x00000006c6c00000|
|  95|0x00000006c6d00000, 0x00000006c6d00000, 0x00000006c6e00000|  0%| F|  |TS  0|AC  0|TAMS 0x00000006c6d00000, 0x00000006c6d00000|
|  96|0x00000006c6e00000, 0x00000006c6e00000, 0x00000006c6f00000|  0%| F|  |TS  0|AC  0|TAMS 0x00000006c6e00000, 0x00000006c6e00000|
|  97|0x00000006c6f00000, 0x00000006c6f00000, 0x00000006c7000000|  0%| F|  |TS  0|AC  0|TAMS 0x00000006c6f00000, 0x00000006c6f00000|
|  98|0x00000006c7000000, 0x00000006c7000000, 0x00000006c7100000|  0%| F|  |TS  0|AC  0|TAMS 0x00000006c7000000, 0x00000006c7000000|
|  99|0x00000006c7100000, 0x00000006c7100000, 0x00000006c7200000|  0%| F|  |TS  0|AC  0|TAMS 0x00000006c7100000, 0x00000006c7100000|
| 100|0x00000006c7200000, 0x00000006c7200000, 0x00000006c7300000|  0%| F|  |TS  0|AC  0|TAMS 0x00000006c7200000, 0x00000006c7200000|
| 101|0x00000006c7300000, 0x00000006c7300000, 0x00000006c7400000|  0%| F|  |TS  0|AC  0|TAMS 0x00000006c7300000, 0x00000006c7300000|
| 102|0x00000006c7400000, 0x00000006c7400000, 0x00000006c7500000|  0%| F|  |TS  0|AC  0|TAMS 0x00000006c7400000, 0x00000006c7400000|
| 103|0x00000006c7500000, 0x00000006c7500000, 0x00000006c7600000|  0%| F|  |TS  0|AC  0|TAMS 0x00000006c7500000, 0x00000006c7500000|
| 104|0x00000006c7600000, 0x00000006c7600000, 0x00000006c7700000|  0%| F|  |TS  0|AC  0|TAMS 0x00000006c7600000, 0x00000006c7600000|
| 105|0x00000006c7700000, 0x00000006c7700000, 0x00000006c7800000|  0%| F|  |TS  0|AC  0|TAMS 0x00000006c7700000, 0x00000006c7700000|
| 106|0x00000006c7800000, 0x00000006c7800000, 0x00000006c7900000|  0%| F|  |TS  0|AC  0|TAMS 0x00000006c7800000, 0x00000006c7800000|
| 107|0x00000006c7900000, 0x00000006c7900000, 0x00000006c7a00000|  0%| F|  |TS  0|AC  0|TAMS 0x00000006c7900000, 0x00000006c7900000|
| 108|0x00000006c7a00000, 0x00000006c7a00000, 0x00000006c7b00000|  0%| F|  |TS  0|AC  0|TAMS 0x00000006c7a00000, 0x00000006c7a00000|
| 109|0x00000006c7b00000, 0x00000006c7b00000, 0x00000006c7c00000|  0%| F|  |TS  0|AC  0|TAMS 0x00000006c7b00000, 0x00000006c7b00000|
| 110|0x00000006c7c00000, 0x00000006c7c00000, 0x00000006c7d00000|  0%| F|  |TS  0|AC  0|TAMS 0x00000006c7c00000, 0x00000006c7c00000|
| 111|0x00000006c7d00000, 0x00000006c7d00000, 0x00000006c7e00000|  0%| F|  |TS  0|AC  0|TAMS 0x00000006c7d00000, 0x00000006c7d00000|
| 112|0x00000006c7e00000, 0x00000006c7e00000, 0x00000006c7f00000|  0%| F|  |TS  0|AC  0|TAMS 0x00000006c7e00000, 0x00000006c7e00000|
| 113|0x00000006c7f00000, 0x00000006c7f00000, 0x00000006c8000000|  0%| F|  |TS  0|AC  0|TAMS 0x00000006c7f00000, 0x00000006c7f00000|
| 114|0x00000006c8000000, 0x00000006c8000000, 0x00000006c8100000|  0%| F|  |TS  0|AC  0|TAMS 0x00000006c8000000, 0x00000006c8000000|
| 115|0x00000006c8100000, 0x00000006c8100000, 0x00000006c8200000|  0%| F|  |TS  0|AC  0|TAMS 0x00000006c8100000, 0x00000006c8100000|
| 116|0x00000006c8200000, 0x00000006c8200000, 0x00000006c8300000|  0%| F|  |TS  0|AC  0|TAMS 0x00000006c8200000, 0x00000006c8200000|
| 117|0x00000006c8300000, 0x00000006c8300000, 0x00000006c8400000|  0%| F|  |TS  0|AC  0|TAMS 0x00000006c8300000, 0x00000006c8300000|
| 118|0x00000006c8400000, 0x00000006c8400000, 0x00000006c8500000|  0%| F|  |TS  0|AC  0|TAMS 0x00000006c8400000, 0x00000006c8400000|
| 119|0x00000006c8500000, 0x00000006c8500000, 0x00000006c8600000|  0%| F|  |TS  0|AC  0|TAMS 0x00000006c8500000, 0x00000006c8500000|
| 120|0x00000006c8600000, 0x00000006c8600000, 0x00000006c8700000|  0%| F|  |TS  0|AC  0|TAMS 0x00000006c8600000, 0x00000006c8600000|
| 121|0x00000006c8700000, 0x00000006c8700000, 0x00000006c8800000|  0%| F|  |TS  0|AC  0|TAMS 0x00000006c8700000, 0x00000006c8700000|
| 122|0x00000006c8800000, 0x00000006c8800000, 0x00000006c8900000|  0%| F|  |TS  0|AC  0|TAMS 0x00000006c8800000, 0x00000006c8800000|
| 123|0x00000006c8900000, 0x00000006c8900000, 0x00000006c8a00000|  0%| F|  |TS  0|AC  0|TAMS 0x00000006c8900000, 0x00000006c8900000|
| 124|0x00000006c8a00000, 0x00000006c8a00000, 0x00000006c8b00000|  0%| F|  |TS  0|AC  0|TAMS 0x00000006c8a00000, 0x00000006c8a00000|
| 125|0x00000006c8b00000, 0x00000006c8b00000, 0x00000006c8c00000|  0%| F|  |TS  0|AC  0|TAMS 0x00000006c8b00000, 0x00000006c8b00000|
| 126|0x00000006c8c00000, 0x00000006c8c00000, 0x00000006c8d00000|  0%| F|  |TS  0|AC  0|TAMS 0x00000006c8c00000, 0x00000006c8c00000|
| 127|0x00000006c8d00000, 0x00000006c8d00000, 0x00000006c8e00000|  0%| F|  |TS  0|AC  0|TAMS 0x00000006c8d00000, 0x00000006c8d00000|
| 128|0x00000006c8e00000, 0x00000006c8e00000, 0x00000006c8f00000|  0%| F|  |TS  0|AC  0|TAMS 0x00000006c8e00000, 0x00000006c8e00000|
| 129|0x00000006c8f00000, 0x00000006c8f00000, 0x00000006c9000000|  0%| F|  |TS  0|AC  0|TAMS 0x00000006c8f00000, 0x00000006c8f00000|
| 130|0x00000006c9000000, 0x00000006c9000000, 0x00000006c9100000|  0%| F|  |TS  0|AC  0|TAMS 0x00000006c9000000, 0x00000006c9000000|
| 131|0x00000006c9100000, 0x00000006c9100000, 0x00000006c9200000|  0%| F|  |TS  0|AC  0|TAMS 0x00000006c9100000, 0x00000006c9100000|
| 132|0x00000006c9200000, 0x00000006c9200000, 0x00000006c9300000|  0%| F|  |TS  0|AC  0|TAMS 0x00000006c9200000, 0x00000006c9200000|
| 133|0x00000006c9300000, 0x00000006c9300000, 0x00000006c9400000|  0%| F|  |TS  0|AC  0|TAMS 0x00000006c9300000, 0x00000006c9300000|
| 134|0x00000006c9400000, 0x00000006c9400000, 0x00000006c9500000|  0%| F|  |TS  0|AC  0|TAMS 0x00000006c9400000, 0x00000006c9400000|
| 135|0x00000006c9500000, 0x00000006c9500000, 0x00000006c9600000|  0%| F|  |TS  0|AC  0|TAMS 0x00000006c9500000, 0x00000006c9500000|
| 136|0x00000006c9600000, 0x00000006c9600000, 0x00000006c9700000|  0%| F|  |TS  0|AC  0|TAMS 0x00000006c9600000, 0x00000006c9600000|
| 137|0x00000006c9700000, 0x00000006c9700000, 0x00000006c9800000|  0%| F|  |TS  0|AC  0|TAMS 0x00000006c9700000, 0x00000006c9700000|
| 138|0x00000006c9800000, 0x00000006c9800000, 0x00000006c9900000|  0%| F|  |TS  0|AC  0|TAMS 0x00000006c9800000, 0x00000006c9800000|
| 139|0x00000006c9900000, 0x00000006c9900000, 0x00000006c9a00000|  0%| F|  |TS  0|AC  0|TAMS 0x00000006c9900000, 0x00000006c9900000|
| 140|0x00000006c9a00000, 0x00000006c9a00000, 0x00000006c9b00000|  0%| F|  |TS  0|AC  0|TAMS 0x00000006c9a00000, 0x00000006c9a00000|
| 141|0x00000006c9b00000, 0x00000006c9b00000, 0x00000006c9c00000|  0%| F|  |TS  0|AC  0|TAMS 0x00000006c9b00000, 0x00000006c9b00000|
| 142|0x00000006c9c00000, 0x00000006c9c00000, 0x00000006c9d00000|  0%| F|  |TS  0|AC  0|TAMS 0x00000006c9c00000, 0x00000006c9c00000|
| 143|0x00000006c9d00000, 0x00000006c9d00000, 0x00000006c9e00000|  0%| F|  |TS  0|AC  0|TAMS 0x00000006c9d00000, 0x00000006c9d00000|
| 144|0x00000006c9e00000, 0x00000006c9e00000, 0x00000006c9f00000|  0%| F|  |TS  0|AC  0|TAMS 0x00000006c9e00000, 0x00000006c9e00000|
| 145|0x00000006c9f00000, 0x00000006c9f00000, 0x00000006ca000000|  0%| F|  |TS  0|AC  0|TAMS 0x00000006c9f00000, 0x00000006c9f00000|
| 146|0x00000006ca000000, 0x00000006ca000000, 0x00000006ca100000|  0%| F|  |TS  0|AC  0|TAMS 0x00000006ca000000, 0x00000006ca000000|
| 147|0x00000006ca100000, 0x00000006ca100000, 0x00000006ca200000|  0%| F|  |TS  0|AC  0|TAMS 0x00000006ca100000, 0x00000006ca100000|
| 148|0x00000006ca200000, 0x00000006ca200000, 0x00000006ca300000|  0%| F|  |TS  0|AC  0|TAMS 0x00000006ca200000, 0x00000006ca200000|
| 149|0x00000006ca300000, 0x00000006ca300000, 0x00000006ca400000|  0%| F|  |TS  0|AC  0|TAMS 0x00000006ca300000, 0x00000006ca300000|
| 150|0x00000006ca400000, 0x00000006ca400000, 0x00000006ca500000|  0%| F|  |TS  0|AC  0|TAMS 0x00000006ca400000, 0x00000006ca400000|
| 151|0x00000006ca500000, 0x00000006ca500000, 0x00000006ca600000|  0%| F|  |TS  0|AC  0|TAMS 0x00000006ca500000, 0x00000006ca500000|
| 152|0x00000006ca600000, 0x00000006ca600000, 0x00000006ca700000|  0%| F|  |TS  0|AC  0|TAMS 0x00000006ca600000, 0x00000006ca600000|
| 153|0x00000006ca700000, 0x00000006ca700000, 0x00000006ca800000|  0%| F|  |TS  0|AC  0|TAMS 0x00000006ca700000, 0x00000006ca700000|
| 154|0x00000006ca800000, 0x00000006ca800000, 0x00000006ca900000|  0%| F|  |TS  0|AC  0|TAMS 0x00000006ca800000, 0x00000006ca800000|
| 155|0x00000006ca900000, 0x00000006ca900000, 0x00000006caa00000|  0%| F|  |TS  0|AC  0|TAMS 0x00000006ca900000, 0x00000006ca900000|
| 156|0x00000006caa00000, 0x00000006caa00000, 0x00000006cab00000|  0%| F|  |TS  0|AC  0|TAMS 0x00000006caa00000, 0x00000006caa00000|
| 157|0x00000006cab00000, 0x00000006cab00000, 0x00000006cac00000|  0%| F|  |TS  0|AC  0|TAMS 0x00000006cab00000, 0x00000006cab00000|
| 158|0x00000006cac00000, 0x00000006cac00000, 0x00000006cad00000|  0%| F|  |TS  0|AC  0|TAMS 0x00000006cac00000, 0x00000006cac00000|
| 159|0x00000006cad00000, 0x00000006cad00000, 0x00000006cae00000|  0%| F|  |TS  0|AC  0|TAMS 0x00000006cad00000, 0x00000006cad00000|
| 160|0x00000006cae00000, 0x00000006cae00000, 0x00000006caf00000|  0%| F|  |TS  0|AC  0|TAMS 0x00000006cae00000, 0x00000006cae00000|
| 161|0x00000006caf00000, 0x00000006caf00000, 0x00000006cb000000|  0%| F|  |TS  0|AC  0|TAMS 0x00000006caf00000, 0x00000006caf00000|
| 162|0x00000006cb000000, 0x00000006cb000000, 0x00000006cb100000|  0%| F|  |TS  0|AC  0|TAMS 0x00000006cb000000, 0x00000006cb000000|
| 163|0x00000006cb100000, 0x00000006cb100000, 0x00000006cb200000|  0%| F|  |TS  0|AC  0|TAMS 0x00000006cb100000, 0x00000006cb100000|
| 164|0x00000006cb200000, 0x00000006cb200000, 0x00000006cb300000|  0%| F|  |TS  0|AC  0|TAMS 0x00000006cb200000, 0x00000006cb200000|
| 165|0x00000006cb300000, 0x00000006cb300000, 0x00000006cb400000|  0%| F|  |TS  0|AC  0|TAMS 0x00000006cb300000, 0x00000006cb300000|
| 166|0x00000006cb400000, 0x00000006cb400000, 0x00000006cb500000|  0%| F|  |TS  0|AC  0|TAMS 0x00000006cb400000, 0x00000006cb400000|
| 167|0x00000006cb500000, 0x00000006cb500000, 0x00000006cb600000|  0%| F|  |TS  0|AC  0|TAMS 0x00000006cb500000, 0x00000006cb500000|
| 168|0x00000006cb600000, 0x00000006cb600000, 0x00000006cb700000|  0%| F|  |TS  0|AC  0|TAMS 0x00000006cb600000, 0x00000006cb600000|
| 169|0x00000006cb700000, 0x00000006cb700000, 0x00000006cb800000|  0%| F|  |TS  0|AC  0|TAMS 0x00000006cb700000, 0x00000006cb700000|
| 170|0x00000006cb800000, 0x00000006cb800000, 0x00000006cb900000|  0%| F|  |TS  0|AC  0|TAMS 0x00000006cb800000, 0x00000006cb800000|
| 171|0x00000006cb900000, 0x00000006cb900000, 0x00000006cba00000|  0%| F|  |TS  0|AC  0|TAMS 0x00000006cb900000, 0x00000006cb900000|
| 172|0x00000006cba00000, 0x00000006cba00000, 0x00000006cbb00000|  0%| F|  |TS  0|AC  0|TAMS 0x00000006cba00000, 0x00000006cba00000|
| 173|0x00000006cbb00000, 0x00000006cbb00000, 0x00000006cbc00000|  0%| F|  |TS  0|AC  0|TAMS 0x00000006cbb00000, 0x00000006cbb00000|
| 174|0x00000006cbc00000, 0x00000006cbc00000, 0x00000006cbd00000|  0%| F|  |TS  0|AC  0|TAMS 0x00000006cbc00000, 0x00000006cbc00000|
| 175|0x00000006cbd00000, 0x00000006cbd00000, 0x00000006cbe00000|  0%| F|  |TS  0|AC  0|TAMS 0x00000006cbd00000, 0x00000006cbd00000|
| 176|0x00000006cbe00000, 0x00000006cbe00000, 0x00000006cbf00000|  0%| F|  |TS  0|AC  0|TAMS 0x00000006cbe00000, 0x00000006cbe00000|
| 177|0x00000006cbf00000, 0x00000006cbf00000, 0x00000006cc000000|  0%| F|  |TS  0|AC  0|TAMS 0x00000006cbf00000, 0x00000006cbf00000|
| 178|0x00000006cc000000, 0x00000006cc000000, 0x00000006cc100000|  0%| F|  |TS  0|AC  0|TAMS 0x00000006cc000000, 0x00000006cc000000|
| 179|0x00000006cc100000, 0x00000006cc100000, 0x00000006cc200000|  0%| F|  |TS  0|AC  0|TAMS 0x00000006cc100000, 0x00000006cc100000|
| 180|0x00000006cc200000, 0x00000006cc200000, 0x00000006cc300000|  0%| F|  |TS  0|AC  0|TAMS 0x00000006cc200000, 0x00000006cc200000|
| 181|0x00000006cc300000, 0x00000006cc300000, 0x00000006cc400000|  0%| F|  |TS  0|AC  0|TAMS 0x00000006cc300000, 0x00000006cc300000|
| 182|0x00000006cc400000, 0x00000006cc400000, 0x00000006cc500000|  0%| F|  |TS  0|AC  0|TAMS 0x00000006cc400000, 0x00000006cc400000|
| 183|0x00000006cc500000, 0x00000006cc500000, 0x00000006cc600000|  0%| F|  |TS  0|AC  0|TAMS 0x00000006cc500000, 0x00000006cc500000|
| 184|0x00000006cc600000, 0x00000006cc600000, 0x00000006cc700000|  0%| F|  |TS  0|AC  0|TAMS 0x00000006cc600000, 0x00000006cc600000|
| 185|0x00000006cc700000, 0x00000006cc700000, 0x00000006cc800000|  0%| F|  |TS  0|AC  0|TAMS 0x00000006cc700000, 0x00000006cc700000|
| 186|0x00000006cc800000, 0x00000006cc800000, 0x00000006cc900000|  0%| F|  |TS  0|AC  0|TAMS 0x00000006cc800000, 0x00000006cc800000|
| 187|0x00000006cc900000, 0x00000006cc900000, 0x00000006cca00000|  0%| F|  |TS  0|AC  0|TAMS 0x00000006cc900000, 0x00000006cc900000|
| 188|0x00000006cca00000, 0x00000006cca00000, 0x00000006ccb00000|  0%| F|  |TS  0|AC  0|TAMS 0x00000006cca00000, 0x00000006cca00000|
| 189|0x00000006ccb00000, 0x00000006ccb00000, 0x00000006ccc00000|  0%| F|  |TS  0|AC  0|TAMS 0x00000006ccb00000, 0x00000006ccb00000|
| 190|0x00000006ccc00000, 0x00000006ccc00000, 0x00000006ccd00000|  0%| F|  |TS  0|AC  0|TAMS 0x00000006ccc00000, 0x00000006ccc00000|
| 191|0x00000006ccd00000, 0x00000006ccd00000, 0x00000006cce00000|  0%| F|  |TS  0|AC  0|TAMS 0x00000006ccd00000, 0x00000006ccd00000|
| 192|0x00000006cce00000, 0x00000006cce00000, 0x00000006ccf00000|  0%| F|  |TS  0|AC  0|TAMS 0x00000006cce00000, 0x00000006cce00000|
| 193|0x00000006ccf00000, 0x00000006ccf00000, 0x00000006cd000000|  0%| F|  |TS  0|AC  0|TAMS 0x00000006ccf00000, 0x00000006ccf00000|
| 194|0x00000006cd000000, 0x00000006cd000000, 0x00000006cd100000|  0%| F|  |TS  0|AC  0|TAMS 0x00000006cd000000, 0x00000006cd000000|
| 195|0x00000006cd100000, 0x00000006cd100000, 0x00000006cd200000|  0%| F|  |TS  0|AC  0|TAMS 0x00000006cd100000, 0x00000006cd100000|
| 196|0x00000006cd200000, 0x00000006cd200000, 0x00000006cd300000|  0%| F|  |TS  0|AC  0|TAMS 0x00000006cd200000, 0x00000006cd200000|
| 197|0x00000006cd300000, 0x00000006cd300000, 0x00000006cd400000|  0%| F|  |TS  0|AC  0|TAMS 0x00000006cd300000, 0x00000006cd300000|
| 198|0x00000006cd400000, 0x00000006cd400000, 0x00000006cd500000|  0%| F|  |TS  0|AC  0|TAMS 0x00000006cd400000, 0x00000006cd400000|
| 199|0x00000006cd500000, 0x00000006cd500000, 0x00000006cd600000|  0%| F|  |TS  0|AC  0|TAMS 0x00000006cd500000, 0x00000006cd500000|
| 200|0x00000006cd600000, 0x00000006cd600000, 0x00000006cd700000|  0%| F|  |TS  0|AC  0|TAMS 0x00000006cd600000, 0x00000006cd600000|
| 201|0x00000006cd700000, 0x00000006cd700000, 0x00000006cd800000|  0%| F|  |TS  0|AC  0|TAMS 0x00000006cd700000, 0x00000006cd700000|
| 202|0x00000006cd800000, 0x00000006cd880800, 0x00000006cd900000| 50%| E|  |TS  0|AC  0|TAMS 0x00000006cd800000, 0x00000006cd800000|
| 203|0x00000006cd900000, 0x00000006cda00000, 0x00000006cda00000|100%| E|CS|TS  0|AC  0|TAMS 0x00000006cd900000, 0x00000006cd900000|
| 204|0x00000006cda00000, 0x00000006cdb00000, 0x00000006cdb00000|100%| E|CS|TS  0|AC  0|TAMS 0x00000006cda00000, 0x00000006cda00000|
| 205|0x00000006cdb00000, 0x00000006cdc00000, 0x00000006cdc00000|100%| E|CS|TS  0|AC  0|TAMS 0x00000006cdb00000, 0x00000006cdb00000|
| 206|0x00000006cdc00000, 0x00000006cdd00000, 0x00000006cdd00000|100%| E|CS|TS  0|AC  0|TAMS 0x00000006cdc00000, 0x00000006cdc00000|
| 207|0x00000006cdd00000, 0x00000006cde00000, 0x00000006cde00000|100%| E|CS|TS  0|AC  0|TAMS 0x00000006cdd00000, 0x00000006cdd00000|
| 208|0x00000006cde00000, 0x00000006cdf00000, 0x00000006cdf00000|100%| E|CS|TS  0|AC  0|TAMS 0x00000006cde00000, 0x00000006cde00000|
| 209|0x00000006cdf00000, 0x00000006ce000000, 0x00000006ce000000|100%| E|CS|TS  0|AC  0|TAMS 0x00000006cdf00000, 0x00000006cdf00000|
| 210|0x00000006ce000000, 0x00000006ce100000, 0x00000006ce100000|100%| E|CS|TS  0|AC  0|TAMS 0x00000006ce000000, 0x00000006ce000000|
| 211|0x00000006ce100000, 0x00000006ce200000, 0x00000006ce200000|100%| E|CS|TS  0|AC  0|TAMS 0x00000006ce100000, 0x00000006ce100000|
| 212|0x00000006ce200000, 0x00000006ce300000, 0x00000006ce300000|100%| E|CS|TS  0|AC  0|TAMS 0x00000006ce200000, 0x00000006ce200000|
| 213|0x00000006ce300000, 0x00000006ce400000, 0x00000006ce400000|100%| E|CS|TS  0|AC  0|TAMS 0x00000006ce300000, 0x00000006ce300000|
| 214|0x00000006ce400000, 0x00000006ce500000, 0x00000006ce500000|100%| E|CS|TS  0|AC  0|TAMS 0x00000006ce400000, 0x00000006ce400000|
| 215|0x00000006ce500000, 0x00000006ce600000, 0x00000006ce600000|100%| E|CS|TS  0|AC  0|TAMS 0x00000006ce500000, 0x00000006ce500000|
| 216|0x00000006ce600000, 0x00000006ce700000, 0x00000006ce700000|100%| E|CS|TS  0|AC  0|TAMS 0x00000006ce600000, 0x00000006ce600000|
| 217|0x00000006ce700000, 0x00000006ce800000, 0x00000006ce800000|100%| E|CS|TS  0|AC  0|TAMS 0x00000006ce700000, 0x00000006ce700000|
| 218|0x00000006ce800000, 0x00000006ce900000, 0x00000006ce900000|100%| E|CS|TS  0|AC  0|TAMS 0x00000006ce800000, 0x00000006ce800000|
| 219|0x00000006ce900000, 0x00000006cea00000, 0x00000006cea00000|100%| E|CS|TS  0|AC  0|TAMS 0x00000006ce900000, 0x00000006ce900000|
| 220|0x00000006cea00000, 0x00000006ceb00000, 0x00000006ceb00000|100%| E|CS|TS  0|AC  0|TAMS 0x00000006cea00000, 0x00000006cea00000|
| 221|0x00000006ceb00000, 0x00000006cec00000, 0x00000006cec00000|100%| E|CS|TS  0|AC  0|TAMS 0x00000006ceb00000, 0x00000006ceb00000|
| 222|0x00000006cec00000, 0x00000006ced00000, 0x00000006ced00000|100%| E|CS|TS  0|AC  0|TAMS 0x00000006cec00000, 0x00000006cec00000|
| 223|0x00000006ced00000, 0x00000006cee00000, 0x00000006cee00000|100%| E|CS|TS  0|AC  0|TAMS 0x00000006ced00000, 0x00000006ced00000|
| 224|0x00000006cee00000, 0x00000006cef00000, 0x00000006cef00000|100%| E|CS|TS  0|AC  0|TAMS 0x00000006cee00000, 0x00000006cee00000|
| 225|0x00000006cef00000, 0x00000006cf000000, 0x00000006cf000000|100%| E|CS|TS  0|AC  0|TAMS 0x00000006cef00000, 0x00000006cef00000|
| 226|0x00000006cf000000, 0x00000006cf100000, 0x00000006cf100000|100%| E|CS|TS  0|AC  0|TAMS 0x00000006cf000000, 0x00000006cf000000|
| 227|0x00000006cf100000, 0x00000006cf200000, 0x00000006cf200000|100%| E|CS|TS  0|AC  0|TAMS 0x00000006cf100000, 0x00000006cf100000|
| 228|0x00000006cf200000, 0x00000006cf300000, 0x00000006cf300000|100%| E|CS|TS  0|AC  0|TAMS 0x00000006cf200000, 0x00000006cf200000|
| 229|0x00000006cf300000, 0x00000006cf3a40f0, 0x00000006cf400000| 64%| S|CS|TS  1|AC  0|TAMS 0x00000006cf300000, 0x00000006cf300000|
| 230|0x00000006cf400000, 0x00000006cf500000, 0x00000006cf500000|100%| S|CS|TS  1|AC  0|TAMS 0x00000006cf400000, 0x00000006cf400000|
| 231|0x00000006cf500000, 0x00000006cf600000, 0x00000006cf600000|100%| S|CS|TS  1|AC  0|TAMS 0x00000006cf500000, 0x00000006cf500000|
| 232|0x00000006cf600000, 0x00000006cf700000, 0x00000006cf700000|100%| E|CS|TS  1|AC  0|TAMS 0x00000006cf600000, 0x00000006cf600000|
| 233|0x00000006cf700000, 0x00000006cf800000, 0x00000006cf800000|100%| E|CS|TS  1|AC  0|TAMS 0x00000006cf700000, 0x00000006cf700000|
| 234|0x00000006cf800000, 0x00000006cf900000, 0x00000006cf900000|100%| E|CS|TS  1|AC  0|TAMS 0x00000006cf800000, 0x00000006cf800000|
| 235|0x00000006cf900000, 0x00000006cfa00000, 0x00000006cfa00000|100%| E|CS|TS  1|AC  0|TAMS 0x00000006cf900000, 0x00000006cf900000|
| 236|0x00000006cfa00000, 0x00000006cfb00000, 0x00000006cfb00000|100%| E|CS|TS  1|AC  0|TAMS 0x00000006cfa00000, 0x00000006cfa00000|
| 237|0x00000006cfb00000, 0x00000006cfc00000, 0x00000006cfc00000|100%| E|CS|TS  1|AC  0|TAMS 0x00000006cfb00000, 0x00000006cfb00000|
| 238|0x00000006cfc00000, 0x00000006cfd00000, 0x00000006cfd00000|100%| E|CS|TS  1|AC  0|TAMS 0x00000006cfc00000, 0x00000006cfc00000|
| 239|0x00000006cfd00000, 0x00000006cfe00000, 0x00000006cfe00000|100%| E|CS|TS  1|AC  0|TAMS 0x00000006cfd00000, 0x00000006cfd00000|
| 240|0x00000006cfe00000, 0x00000006cff00000, 0x00000006cff00000|100%| E|CS|TS  1|AC  0|TAMS 0x00000006cfe00000, 0x00000006cfe00000|
| 241|0x00000006cff00000, 0x00000006d0000000, 0x00000006d0000000|100%| E|CS|TS  1|AC  0|TAMS 0x00000006cff00000, 0x00000006cff00000|
| 242|0x00000006d0000000, 0x00000006d0100000, 0x00000006d0100000|100%| E|CS|TS  1|AC  0|TAMS 0x00000006d0000000, 0x00000006d0000000|
| 243|0x00000006d0100000, 0x00000006d0200000, 0x00000006d0200000|100%| E|CS|TS  1|AC  0|TAMS 0x00000006d0100000, 0x00000006d0100000|
| 244|0x00000006d0200000, 0x00000006d0300000, 0x00000006d0300000|100%| E|CS|TS  1|AC  0|TAMS 0x00000006d0200000, 0x00000006d0200000|
| 245|0x00000006d0300000, 0x00000006d0400000, 0x00000006d0400000|100%| E|CS|TS  1|AC  0|TAMS 0x00000006d0300000, 0x00000006d0300000|
| 246|0x00000006d0400000, 0x00000006d0500000, 0x00000006d0500000|100%| E|CS|TS  1|AC  0|TAMS 0x00000006d0400000, 0x00000006d0400000|
| 247|0x00000006d0500000, 0x00000006d0600000, 0x00000006d0600000|100%| E|CS|TS  1|AC  0|TAMS 0x00000006d0500000, 0x00000006d0500000|
| 248|0x00000006d0600000, 0x00000006d0700000, 0x00000006d0700000|100%| E|CS|TS  1|AC  0|TAMS 0x00000006d0600000, 0x00000006d0600000|
| 249|0x00000006d0700000, 0x00000006d0800000, 0x00000006d0800000|100%| E|CS|TS  1|AC  0|TAMS 0x00000006d0700000, 0x00000006d0700000|
| 250|0x00000006d0800000, 0x00000006d0900000, 0x00000006d0900000|100%| E|CS|TS  1|AC  0|TAMS 0x00000006d0800000, 0x00000006d0800000|
| 251|0x00000006d0900000, 0x00000006d0a00000, 0x00000006d0a00000|100%| E|CS|TS  1|AC  0|TAMS 0x00000006d0900000, 0x00000006d0900000|
| 252|0x00000006d0a00000, 0x00000006d0b00000, 0x00000006d0b00000|100%| E|CS|TS  1|AC  0|TAMS 0x00000006d0a00000, 0x00000006d0a00000|
| 253|0x00000006d0b00000, 0x00000006d0c00000, 0x00000006d0c00000|100%| E|CS|TS  1|AC  0|TAMS 0x00000006d0b00000, 0x00000006d0b00000|
| 254|0x00000006d0c00000, 0x00000006d0d00000, 0x00000006d0d00000|100%| E|CS|TS  1|AC  0|TAMS 0x00000006d0c00000, 0x00000006d0c00000|
| 255|0x00000006d0d00000, 0x00000006d0e00000, 0x00000006d0e00000|100%| E|CS|TS  1|AC  0|TAMS 0x00000006d0d00000, 0x00000006d0d00000|

Card table byte_map: [0x00000194c03e0000,0x00000194c0be0000] byte_map_base: 0x00000194bcdd9000

Marking Bits (Prev, Next): (CMBitMap*) 0x00000194a55a3350, (CMBitMap*) 0x00000194a55a3388
 Prev Bits: [0x00000194c13e0000, 0x00000194c53a8000)
 Next Bits: [0x00000194c53b0000, 0x00000194c9378000)

Polling page: 0x00000194a33d0000

CodeHeap 'non-profiled nmethods': size=120000Kb used=574Kb max_used=574Kb free=119425Kb
 bounds [0x00000194b8380000, 0x00000194b85f0000, 0x00000194bf8b0000]
CodeHeap 'profiled nmethods': size=120000Kb used=2670Kb max_used=2670Kb free=117329Kb
 bounds [0x00000194b0e50000, 0x00000194b10f0000, 0x00000194b8380000]
CodeHeap 'non-nmethods': size=5760Kb used=1195Kb max_used=1223Kb free=4564Kb
 bounds [0x00000194b08b0000, 0x00000194b0b20000, 0x00000194b0e50000]
 total_blobs=2279 nmethods=1457 adapters=469
 compilation: enabled

Compilation events (10 events):
Event: 7.599 Thread 0x00000194cc84b000 1452       3       java.lang.invoke.VarHandleGuards::guard_LI_V (103 bytes)
Event: 7.600 Thread 0x00000194cc84b000 nmethod 1452 0x00000194b10e4e90 code [0x00000194b10e5200, 0x00000194b10e6d70]
Event: 7.600 Thread 0x00000194cc84b000 1455       3       java.util.concurrent.locks.AbstractQueuedSynchronizer::enq (37 bytes)
Event: 7.601 Thread 0x00000194cc84b000 nmethod 1455 0x00000194b10e7610 code [0x00000194b10e7a40, 0x00000194b10e9890]
Event: 7.601 Thread 0x00000194cc84b000 1454       3       java.util.concurrent.locks.AbstractQueuedSynchronizer::transferForSignal (45 bytes)
Event: 7.602 Thread 0x00000194cc84b000 nmethod 1454 0x00000194b10ea290 code [0x00000194b10ea580, 0x00000194b10eb4a0]
Event: 7.829 Thread 0x00000194cc840000 1456       4       sun.awt.AWTAutoShutdown::isReadyToShutdown (37 bytes)
Event: 7.829 Thread 0x00000194cc840000 nmethod 1456 0x00000194b840f210 code [0x00000194b840f3a0, 0x00000194b840f458]
Event: 8.101 Thread 0x00000194cc82f000 1457       4       sun.font.FileFontStrike::getCachedGlyphPtrInternal (120 bytes)
Event: 8.103 Thread 0x00000194cc82f000 nmethod 1457 0x00000194b840f590 code [0x00000194b840f740, 0x00000194b840f958]

GC Heap History (2 events):
Event: 1.999 GC heap before
{Heap before GC invocations=0 (full 0):
 garbage-first heap   total 262144K, used 32768K [0x00000006c0e00000, 0x00000007c0000000)
  region size 1024K, 24 young (24576K), 0 survivors (0K)
 Metaspace       used 14189K, capacity 14568K, committed 14720K, reserved 1062912K
  class space    used 1433K, capacity 1636K, committed 1664K, reserved 1048576K
}
Event: 2.002 GC heap after
{Heap after GC invocations=1 (full 0):
 garbage-first heap   total 262144K, used 10896K [0x00000006c0e00000, 0x00000007c0000000)
  region size 1024K, 3 young (3072K), 3 survivors (3072K)
 Metaspace       used 14189K, capacity 14568K, committed 14720K, reserved 1062912K
  class space    used 1433K, capacity 1636K, committed 1664K, reserved 1048576K
}

Deoptimization events (10 events):
Event: 0.090 Thread 0x00000194a5524800 Uncommon trap: reason=unstable_if action=reinterpret pc=0x00000194b8388d78 method=java.lang.String.isLatin1()Z @ 10 c2
Event: 0.119 Thread 0x00000194a5524800 Uncommon trap: reason=unstable_if action=reinterpret pc=0x00000194b839169c method=java.lang.String.charAt(I)C @ 4 c2
Event: 0.203 Thread 0x00000194a5524800 Uncommon trap: reason=unstable_if action=reinterpret pc=0x00000194b83a6020 method=java.lang.StringLatin1.replace([BCC)Ljava/lang/String; @ 19 c2
Event: 0.326 Thread 0x00000194a5524800 Uncommon trap: reason=unstable_if action=reinterpret pc=0x00000194b838cc34 method=java.util.HashMap.putVal(ILjava/lang/Object;Ljava/lang/Object;ZZ)Ljava/lang/Object; @ 69 c2
Event: 0.381 Thread 0x00000194ccdc8000 Uncommon trap: reason=class_check action=maybe_recompile pc=0x00000194b83be714 method=java.util.HashMap.putVal(ILjava/lang/Object;Ljava/lang/Object;ZZ)Ljava/lang/Object; @ 91 c2
Event: 0.381 Thread 0x00000194ccdc8000 Uncommon trap: reason=class_check action=maybe_recompile pc=0x00000194b83be714 method=java.util.HashMap.putVal(ILjava/lang/Object;Ljava/lang/Object;ZZ)Ljava/lang/Object; @ 91 c2
Event: 1.031 Thread 0x00000194ccdc9800 Uncommon trap: reason=unstable_if action=reinterpret pc=0x00000194b83eafe0 method=Game.castWall(DDDDII)LRay; @ 192 c2
Event: 1.031 Thread 0x00000194ccdc9800 Uncommon trap: reason=unstable_if action=reinterpret pc=0x00000194b83e2bf0 method=Game.castWall(DDDDII)LRay; @ 192 c2
Event: 1.420 Thread 0x00000194ccdc9800 Uncommon trap: reason=unstable_if action=reinterpret pc=0x00000194b83f4e48 method=Game.castWall(DDDDII)LRay; @ 285 c2
Event: 2.627 Thread 0x00000194ccdc9800 Uncommon trap: reason=unstable_if action=reinterpret pc=0x00000194b8402e44 method=Game.tick(I)V @ 49 c2

Classes redefined (0 events):
No events

Internal exceptions (10 events):
Event: 0.340 Thread 0x00000194a5524800 Exception <a 'java/lang/NoSuchMethodError'{0x00000006d0671a90}: method resolution failed> (0x00000006d0671a90) thrown at [t:/workspace/open/src/hotspot/share/prims/methodHandles.cpp, line 1226]
Event: 0.341 Thread 0x00000194a5524800 Exception <a 'java/lang/NoSuchMethodError'{0x00000006d0678e80}: java.lang.invoke.DirectMethodHandle$Holder.invokeStatic(Ljava/lang/Object;ILjava/lang/Object;Ljava/lang/Object;Ljava/lang/Object;)Ljava/lang/Object;> (0x00000006d0678e80) thrown at [t:/worksp
Event: 0.341 Thread 0x00000194a5524800 Exception <a 'java/lang/NoSuchMethodError'{0x00000006d067ccb8}: method resolution failed> (0x00000006d067ccb8) thrown at [t:/workspace/open/src/hotspot/share/prims/methodHandles.cpp, line 1226]
Event: 0.360 Thread 0x00000194a5524800 Exception <a 'java/lang/ClassNotFoundException'{0x00000006d053d7c8}: com/sun/swing/internal/plaf/metal/resources/spi/metalProvider> (0x00000006d053d7c8) thrown at [t:/workspace/open/src/hotspot/share/classfile/systemDictionary.cpp, line 233]
Event: 0.361 Thread 0x00000194a5524800 Exception <a 'java/lang/ClassNotFoundException'{0x00000006d0541a30}: com/sun/swing/internal/plaf/basic/resources/spi/basicProvider> (0x00000006d0541a30) thrown at [t:/workspace/open/src/hotspot/share/classfile/systemDictionary.cpp, line 233]
Event: 0.396 Thread 0x00000194a5524800 Exception <a 'java/lang/NoSuchMethodError'{0x00000006d05b5758}: java.lang.invoke.DirectMethodHandle$Holder.invokeStaticInit(Ljava/lang/Object;)V> (0x00000006d05b5758) thrown at [t:/workspace/open/src/hotspot/share/interpreter/linkResolver.cpp, line 741]
Event: 0.433 Thread 0x00000194a5524800 Exception <a 'java/lang/NoSuchMethodError'{0x00000006d032ac60}: java.lang.invoke.DirectMethodHandle$Holder.invokeStatic(Ljava/lang/Object;Ljava/lang/Object;Ljava/lang/Object;Ljava/lang/Object;Ljava/lang/Object;Ljava/lang/Object;Ljava/lang/Object;Ljava/lan
Event: 0.435 Thread 0x00000194a5524800 Exception <a 'java/lang/NoSuchMethodError'{0x00000006d034b350}: java.lang.invoke.DirectMethodHandle$Holder.invokeStatic(Ljava/lang/Object;Ljava/lang/Object;Ljava/lang/Object;Ljava/lang/Object;Ljava/lang/Object;Ljava/lang/Object;Ljava/lang/Object;Ljava/lan
Event: 0.436 Thread 0x00000194a5524800 Exception <a 'java/lang/NoSuchMethodError'{0x00000006d036ca88}: java.lang.invoke.DirectMethodHandle$Holder.invokeStatic(Ljava/lang/Object;Ljava/lang/Object;Ljava/lang/Object;Ljava/lang/Object;Ljava/lang/Object;Ljava/lang/Object;Ljava/lang/Object;Ljava/lan
Event: 0.486 Thread 0x00000194a5524800 Exception <a 'java/lang/NoSuchMethodError'{0x00000006d03eb450}: java.lang.invoke.DirectMethodHandle$Holder.invokeStatic(Ljava/lang/Object;Ljava/lang/Object;Ljava/lang/Object;Ljava/lang/Object;Ljava/lang/Object;Ljava/lang/Object;Ljava/lang/Object;Ljava/lan

Events (10 events):
Event: 3.055 Thread 0x00000194a5524800 DEOPT PACKING pc=0x00000194b1026d0e sp=0x0000008f7a1ff5f0
Event: 3.055 Thread 0x00000194a5524800 DEOPT UNPACKING pc=0x00000194b08d88ce sp=0x0000008f7a1fea98 mode 0
Event: 8.174 Executing VM operation: RevokeBias
Event: 8.174 Executing VM operation: RevokeBias done
Event: 8.175 Thread 0x00000194ccdca800 Thread added: 0x00000194ccdca800
Event: 8.175 Thread 0x00000194d2c41800 Thread added: 0x00000194d2c41800
Event: 8.175 Thread 0x00000194ccdca800 Thread exited: 0x00000194ccdca800
Event: 8.175 Executing VM operation: RevokeBias
Event: 8.175 Executing VM operation: RevokeBias done
Event: 8.175 Thread 0x00000194ccdc9000 Thread exited: 0x00000194ccdc9000


Dynamic libraries:
0x00007ff7a2ef0000 - 0x00007ff7a2f2e000 	C:\Program Files\Java\jdk-10.0.2\bin\java.exe
0x00007fff38870000 - 0x00007fff38a51000 	C:\WINDOWS\SYSTEM32\ntdll.dll
0x00007fff37ca0000 - 0x00007fff37d52000 	C:\WINDOWS\System32\KERNEL32.DLL
0x00007fff35350000 - 0x00007fff355c3000 	C:\WINDOWS\System32\KERNELBASE.dll
0x00007fff381e0000 - 0x00007fff38281000 	C:\WINDOWS\System32\ADVAPI32.dll
0x00007fff37f70000 - 0x00007fff3800e000 	C:\WINDOWS\System32\msvcrt.dll
0x00007fff38080000 - 0x00007fff380db000 	C:\WINDOWS\System32\sechost.dll
0x00007fff37dc0000 - 0x00007fff37ee4000 	C:\WINDOWS\System32\RPCRT4.dll
0x00007fff37710000 - 0x00007fff378a0000 	C:\WINDOWS\System32\USER32.dll
0x00007fff35960000 - 0x00007fff35980000 	C:\WINDOWS\System32\win32u.dll
0x00007fff37c70000 - 0x00007fff37c98000 	C:\WINDOWS\System32\GDI32.dll
0x00007fff357c0000 - 0x00007fff35952000 	C:\WINDOWS\System32\gdi32full.dll
0x00007fff35ab0000 - 0x00007fff35b4f000 	C:\WINDOWS\System32\msvcp_win.dll
0x00007fff35c00000 - 0x00007fff35cfa000 	C:\WINDOWS\System32\ucrtbase.dll
0x00007fff2b510000 - 0x00007fff2b779000 	C:\WINDOWS\WinSxS\amd64_microsoft.windows.common-controls_6595b64144ccf1df_6.0.17134.165_none_fb429645306569ac\COMCTL32.dll
0x00007fff2fd90000 - 0x00007fff2fd9a000 	C:\WINDOWS\SYSTEM32\VERSION.dll
0x00007fff373e0000 - 0x00007fff37703000 	C:\WINDOWS\System32\combase.dll
0x00007fff35980000 - 0x00007fff359fa000 	C:\WINDOWS\System32\bcryptPrimitives.dll
0x00007fff35df0000 - 0x00007fff35e1d000 	C:\WINDOWS\System32\IMM32.DLL
0x00007fff07530000 - 0x00007fff0761f000 	C:\Program Files\Java\jdk-10.0.2\bin\msvcr120.dll
0x00007fff0cd20000 - 0x00007fff0cdc6000 	C:\Program Files\Java\jdk-10.0.2\bin\msvcp120.dll
0x000000005c2b0000 - 0x000000005cd20000 	C:\Program Files\Java\jdk-10.0.2\bin\server\jvm.dll
0x00007fff381d0000 - 0x00007fff381d8000 	C:\WINDOWS\System32\PSAPI.DLL
0x00007fff2a060000 - 0x00007fff2a069000 	C:\WINDOWS\SYSTEM32\WSOCK32.dll
0x00007fff32cf0000 - 0x00007fff32d13000 	C:\WINDOWS\SYSTEM32\WINMM.dll
0x00007fff38010000 - 0x00007fff3807c000 	C:\WINDOWS\System32\WS2_32.dll
0x00007fff328a0000 - 0x00007fff328ca000 	C:\WINDOWS\SYSTEM32\WINMMBASE.dll
0x00007fff35a60000 - 0x00007fff35aa9000 	C:\WINDOWS\System32\cfgmgr32.dll
0x00007fff2a070000 - 0x00007fff2a07f000 	C:\Program Files\Java\jdk-10.0.2\bin\verify.dll
0x00007fff26c20000 - 0x00007fff26de9000 	C:\WINDOWS\SYSTEM32\DBGHELP.DLL
0x00007fff26b50000 - 0x00007fff26b79000 	C:\WINDOWS\SYSTEM32\dbgcore.DLL
0x00007fff20e30000 - 0x00007fff20e57000 	C:\Program Files\Java\jdk-10.0.2\bin\java.dll
0x00007fff20f40000 - 0x00007fff20f6a000 	C:\Program Files\Java\jdk-10.0.2\bin\instrument.dll
0x00007fff26a30000 - 0x00007fff26a46000 	C:\Program Files\Java\jdk-10.0.2\bin\zip.dll
0x00007fff29f70000 - 0x00007fff29f7a000 	C:\Program Files\Java\jdk-10.0.2\bin\jimage.dll
0x00007fff35e30000 - 0x00007fff37270000 	C:\WINDOWS\System32\SHELL32.dll
0x00007fff37a40000 - 0x00007fff37ae9000 	C:\WINDOWS\System32\shcore.dll
0x00007fff34c40000 - 0x00007fff3534d000 	C:\WINDOWS\System32\windows.storage.dll
0x00007fff37d60000 - 0x00007fff37db1000 	C:\WINDOWS\System32\shlwapi.dll
0x00007fff34c00000 - 0x00007fff34c11000 	C:\WINDOWS\System32\kernel.appcore.dll
0x00007fff34c20000 - 0x00007fff34c3f000 	C:\WINDOWS\System32\profapi.dll
0x00007fff34b80000 - 0x00007fff34bcc000 	C:\WINDOWS\System32\powrprof.dll
0x00007fff34bd0000 - 0x00007fff34bda000 	C:\WINDOWS\System32\FLTLIB.DLL
0x00007fff211c0000 - 0x00007fff211da000 	C:\Program Files\Java\jdk-10.0.2\bin\net.dll
0x00007fff2f8d0000 - 0x00007fff2f9ac000 	C:\WINDOWS\SYSTEM32\WINHTTP.dll
0x00007fff34400000 - 0x00007fff34466000 	C:\WINDOWS\system32\mswsock.dll
0x00007fff21130000 - 0x00007fff21141000 	C:\Program Files\Java\jdk-10.0.2\bin\nio.dll
0x00007fff20bc0000 - 0x00007fff20bda000 	C:\Program Files\JetBrains\IntelliJ IDEA Community Edition 2018.2\bin\breakgen64.dll
0x00007fff04810000 - 0x00007fff049ab000 	C:\Program Files\Java\jdk-10.0.2\bin\awt.dll
0x00007fff38100000 - 0x00007fff381c2000 	C:\WINDOWS\System32\OLEAUT32.dll
0x00007fff32130000 - 0x00007fff326f7000 	C:\WINDOWS\SYSTEM32\d2d1.dll
0x00007fff32f10000 - 0x00007fff32f9b000 	C:\WINDOWS\SYSTEM32\apphelp.dll
0x00007fff33310000 - 0x00007fff33339000 	C:\WINDOWS\system32\DWMAPI.DLL
0x00007fff33230000 - 0x00007fff332c8000 	C:\WINDOWS\system32\uxtheme.dll
0x00007fff05960000 - 0x00007fff05a80000 	C:\WINDOWS\system32\opengl32.dll
0x00007fff21380000 - 0x00007fff213ac000 	C:\WINDOWS\SYSTEM32\GLU32.dll
0x00007fff37af0000 - 0x00007fff37c65000 	C:\WINDOWS\System32\MSCTF.dll
0x00007fff38290000 - 0x00007fff383e1000 	C:\WINDOWS\System32\ole32.dll
0x00007fff355d0000 - 0x00007fff357b2000 	C:\WINDOWS\System32\crypt32.dll
0x00007fff34be0000 - 0x00007fff34bf2000 	C:\WINDOWS\System32\MSASN1.dll
0x00007fff35a00000 - 0x00007fff35a57000 	C:\WINDOWS\System32\WINTRUST.DLL
0x00007fff380e0000 - 0x00007fff380fd000 	C:\WINDOWS\System32\imagehlp.dll
0x00007fff345b0000 - 0x00007fff345c7000 	C:\WINDOWS\SYSTEM32\CRYPTSP.dll
0x00007fff33fe0000 - 0x00007fff34013000 	C:\WINDOWS\system32\rsaenh.dll
0x00007fff346e0000 - 0x00007fff34705000 	C:\WINDOWS\SYSTEM32\bcrypt.dll
0x00007fff345d0000 - 0x00007fff345db000 	C:\WINDOWS\SYSTEM32\CRYPTBASE.dll
0x00007fff24dd0000 - 0x00007fff24fa7000 	C:\WINDOWS\system32\nvspcap64.dll
0x00007fff383f0000 - 0x00007fff3883b000 	C:\WINDOWS\System32\SETUPAPI.dll
0x00007fff31870000 - 0x00007fff31883000 	C:\WINDOWS\SYSTEM32\WTSAPI32.dll
0x00007fff2bb70000 - 0x00007fff2bff0000 	C:\WINDOWS\system32\nvapi64.dll
0x00007fff33940000 - 0x00007fff339fb000 	C:\WINDOWS\SYSTEM32\dxgi.dll
0x00007fff2c210000 - 0x00007fff2c2fb000 	C:\Program Files (x86)\NVIDIA Corporation\3D Vision\nvSCPAPI64.dll
0x00007fff200e0000 - 0x00007fff20145000 	C:\Program Files\Java\jdk-10.0.2\bin\fontmanager.dll
0x00007fff1ee10000 - 0x00007fff1eea8000 	C:\WINDOWS\System32\TextInputFramework.dll
0x00007fff32c10000 - 0x00007fff32cea000 	C:\WINDOWS\System32\CoreMessaging.dll
0x00007fff30770000 - 0x00007fff30a8e000 	C:\WINDOWS\System32\CoreUIComponents.dll
0x00007fff33c70000 - 0x00007fff33ca1000 	C:\WINDOWS\SYSTEM32\ntmarta.dll
0x00007fff30450000 - 0x00007fff3059d000 	C:\WINDOWS\SYSTEM32\wintypes.dll
0x00007fff20090000 - 0x00007fff200d2000 	C:\Program Files\Java\jdk-10.0.2\bin\t2k.dll

dbghelp: loaded successfully - version: 4.0.5 - missing functions: none
symbol engine: initialized successfully - sym options: 0x614 - pdb path: .;C:\Program Files\Java\jdk-10.0.2\bin;C:\WINDOWS\SYSTEM32;C:\WINDOWS\WinSxS\amd64_microsoft.windows.common-controls_6595b64144ccf1df_6.0.17134.165_none_fb429645306569ac;C:\Program Files\Java\jdk-10.0.2\bin\server;C:\Program Files\JetBrains\IntelliJ IDEA Community Edition 2018.2\bin;C:\WINDOWS\System32\DriverStore\FileRepository\nv_ref_pubwu.inf_amd64_2e7fa54192fe16d0;C:\Program Files (x86)\NVIDIA Corporation\3D Vision

VM Arguments:
jvm_args: -javaagent:C:\Program Files\JetBrains\IntelliJ IDEA Community Edition 2018.2\lib\idea_rt.jar=64875:C:\Program Files\JetBrains\IntelliJ IDEA Community Edition 2018.2\bin -Dfile.encoding=UTF-8 
java_command: MainKt
java_class_path (initial): C:\Users\Brian Floersch\IdeaProjects\raycast\out\production\raycast;C:\Program Files\JetBrains\IntelliJ IDEA Community Edition 2018.2\plugins\Kotlin\kotlinc\lib\kotlin-stdlib.jar;C:\Program Files\JetBrains\IntelliJ IDEA Community Edition 2018.2\plugins\Kotlin\kotlinc\lib\kotlin-reflect.jar;C:\Program Files\JetBrains\IntelliJ IDEA Community Edition 2018.2\plugins\Kotlin\kotlinc\lib\kotlin-test.jar;C:\Program Files\JetBrains\IntelliJ IDEA Community Edition 2018.2\plugins\Kotlin\kotlinc\lib\kotlin-stdlib-jdk7.jar;C:\Program Files\JetBrains\IntelliJ IDEA Community Edition 2018.2\plugins\Kotlin\kotlinc\lib\kotlin-stdlib-jdk8.jar
Launcher Type: SUN_STANDARD

Logging:
Log output configuration:
#0: stdout all=warning uptime,level,tags
#1: stderr all=off uptime,level,tags

Environment Variables:
PATH=C:\Program Files (x86)\Common Files\Oracle\Java\javapath;C:\Windows\system32;C:\Windows;C:\Windows\System32\Wbem;C:\Windows\System32\WindowsPowerShell\v1.0\;C:\Program Files (x86)\NVIDIA Corporation\PhysX\Common;C:\Program Files\PuTTY\;C:\WINDOWS\system32;C:\WINDOWS;C:\WINDOWS\System32\Wbem;C:\WINDOWS\System32\WindowsPowerShell\v1.0\;C:\WINDOWS\System32\OpenSSH\;C:\Users\Brian Floersch\AppData\Local\Microsoft\WindowsApps;
USERNAME=Brian Floersch
OS=Windows_NT
PROCESSOR_IDENTIFIER=Intel64 Family 6 Model 60 Stepping 3, GenuineIntel



---------------  S Y S T E M  ---------------

OS: Windows 10 , 64 bit Build 17134 (10.0.17134.1)

CPU:total 8 (initial active 8) (4 cores per cpu, 2 threads per core) family 6 model 60 stepping 3, cmov, cx8, fxsr, mmx, sse, sse2, sse3, ssse3, sse4.1, sse4.2, popcnt, avx, avx2, aes, clmul, erms, lzcnt, ht, tsc, tscinvbit, bmi1, bmi2, fma

Memory: 4k page, physical 16719864k(9622844k free), swap 17768440k(8870140k free)

vm_info: Java HotSpot(TM) 64-Bit Server VM (10.0.2+13) for windows-amd64 JRE (10.0.2+13), built on Jun 28 2018 01:57:56 by "mach5one" with MS VC++ 12.0 (VS2013)

END.
